Arguments: 
  C:\Program Files\nodejs\node.exe C:\Users\user\AppData\Roaming\npm\node_modules\yarn\bin\yarn.js install

PATH: 
  C:\Users\user\bin;C:\Program Files\Git\mingw64\bin;C:\Program Files\Git\usr\local\bin;C:\Program Files\Git\usr\bin;C:\Program Files\Git\usr\bin;C:\Program Files\Git\mingw64\bin;C:\Program Files\Git\usr\bin;C:\Users\user\bin;C:\Windows\system32;C:\Windows;C:\Windows\System32\Wbem;C:\Windows\System32\WindowsPowerShell\v1.0;C:\Windows\System32\OpenSSH;C:\Program Files\nodejs;C:\Program Files\Git\cmd;C:\Users\user\AppData\Local\Microsoft\WindowsApps;C:\Users\user\AppData\Local\Programs\Microsoft VS Code\bin;C:\Users\user\AppData\Local\GitHubDesktop\bin;C:\Users\user\AppData\Roaming\npm;C:\Program Files\Git\usr\bin\vendor_perl;C:\Program Files\Git\usr\bin\core_perl

Yarn version: 
  1.22.19

Node version: 
  19.0.0

Platform: 
  win32 x64

Trace: 
  Error: connect ECONNABORTED 104.16.27.35:443
      at TCPConnectWrap.afterConnect [as oncomplete] (node:net:1284:16)

npm manifest: 
  {
    "private": true,
    "scripts": {
      "dev": "next dev",
      "build": "next build",
      "start": "next start",
      "export": "next export"
    },
    "dependencies": {
      "@headlessui/react": "^1.7.4",
      "@martifylabs/mesh": "1.2.0-beta.4",
      "@next/swc-darwin-x64": "^14.0.0",
      "@martifylabs/mesh-react": "^1.0.1-beta.2",
      "@meshsdk/core": "1.4.0",
      "@meshsdk/react": "^1.1.3",
      "cookies-next": "^2.1.1",
      "daisyui": "^2.50.1",
      "fs": "^0.0.1-security",
      "next": "^13.0.0",
      "next-seo": "^5.15.0",
      "react": "^18.2.0",
      "react-dom": "^18.2.0",
      "react-icons": "^4.4.0",
      "react-is": "^18.2.0",
      "styled-components": "^5.3.6"
    },
    "devDependencies": {
      "@types/node": "17.0.35",
      "@types/react": "18.0.9",
      "@types/react-dom": "18.0.5",
      "autoprefixer": "^10.4.7",
      "postcss": "^8.4.14",
      "tailwindcss": "^3.1.2",
      "typescript": "4.7.2"
    }
  }

yarn manifest: 
  No manifest

Lockfile: 
  No lockfile
